<?xml version="1.0" encoding="UTF-8"?>
<testsuite xmlns:xsi="http://www.w3.org/2001/XMLSchema-instance" xsi:noNamespaceSchemaLocation="https://maven.apache.org/surefire/maven-surefire-plugin/xsd/surefire-test-report.xsd" name="chatify.AppTest" time="0.02" tests="1" errors="0" skipped="0" failures="0">
  <properties>
    <property name="sun.desktop" value="windows"/>
    <property name="awt.toolkit" value="sun.awt.windows.WToolkit"/>
    <property name="java.specification.version" value="10"/>
    <property name="file.encoding.pkg" value="sun.io"/>
    <property name="sun.cpu.isalist" value="amd64"/>
    <property name="sun.jnu.encoding" value="Cp1252"/>
    <property name="java.class.path" value="K:\Dev\Chatify2\chatify\target\test-classes;K:\Dev\Chatify2\chatify\target\classes;C:\Users\Matthias\.m2\repository\junit\junit\4.11\junit-4.11.jar;C:\Users\Matthias\.m2\repository\org\hamcrest\hamcrest-core\1.3\hamcrest-core-1.3.jar;C:\Users\Matthias\.m2\repository\org\java-websocket\Java-WebSocket\1.4.0\Java-WebSocket-1.4.0.jar;C:\Users\Matthias\.m2\repository\org\slf4j\slf4j-api\1.7.25\slf4j-api-1.7.25.jar;C:\Users\Matthias\.m2\repository\io\github\cdimascio\java-dotenv\3.3.1\java-dotenv-3.3.1.jar;C:\Users\Matthias\.m2\repository\org\jetbrains\kotlin\kotlin-stdlib\1.3.21\kotlin-stdlib-1.3.21.jar;C:\Users\Matthias\.m2\repository\org\jetbrains\kotlin\kotlin-stdlib-common\1.3.21\kotlin-stdlib-common-1.3.21.jar;C:\Users\Matthias\.m2\repository\org\jetbrains\annotations\13.0\annotations-13.0.jar;C:\Users\Matthias\.m2\repository\org\json\json\20180813\json-20180813.jar;C:\Users\Matthias\.m2\repository\commons-codec\commons-codec\1.11\commons-codec-1.11.jar;"/>
    <property name="java.vm.vendor" value="&quot;Oracle Corporation&quot;"/>
    <property name="sun.arch.data.model" value="64"/>
    <property name="user.variant" value=""/>
    <property name="java.vendor.url" value="http://java.oracle.com/"/>
    <property name="user.timezone" value="Europe/Berlin"/>
    <property name="java.vm.specification.version" value="10"/>
    <property name="os.name" value="Windows 10"/>
    <property name="sun.java.launcher" value="SUN_STANDARD"/>
    <property name="user.country" value="DE"/>
    <property name="sun.boot.library.path" value="F:\Program Files\Java\jdk-10.0.2\bin"/>
    <property name="sun.java.command" value="C:\Users\Matthias\AppData\Local\Temp\surefire6081344498570436736\surefirebooter16434068185299840921.jar C:\Users\Matthias\AppData\Local\Temp\surefire6081344498570436736 2019-03-02T22-40-53_323-jvmRun1 surefire7870795498809504318tmp surefire_02768980785918618457tmp"/>
    <property name="jdk.debug" value="release"/>
    <property name="surefire.test.class.path" value="K:\Dev\Chatify2\chatify\target\test-classes;K:\Dev\Chatify2\chatify\target\classes;C:\Users\Matthias\.m2\repository\junit\junit\4.11\junit-4.11.jar;C:\Users\Matthias\.m2\repository\org\hamcrest\hamcrest-core\1.3\hamcrest-core-1.3.jar;C:\Users\Matthias\.m2\repository\org\java-websocket\Java-WebSocket\1.4.0\Java-WebSocket-1.4.0.jar;C:\Users\Matthias\.m2\repository\org\slf4j\slf4j-api\1.7.25\slf4j-api-1.7.25.jar;C:\Users\Matthias\.m2\repository\io\github\cdimascio\java-dotenv\3.3.1\java-dotenv-3.3.1.jar;C:\Users\Matthias\.m2\repository\org\jetbrains\kotlin\kotlin-stdlib\1.3.21\kotlin-stdlib-1.3.21.jar;C:\Users\Matthias\.m2\repository\org\jetbrains\kotlin\kotlin-stdlib-common\1.3.21\kotlin-stdlib-common-1.3.21.jar;C:\Users\Matthias\.m2\repository\org\jetbrains\annotations\13.0\annotations-13.0.jar;C:\Users\Matthias\.m2\repository\org\json\json\20180813\json-20180813.jar;C:\Users\Matthias\.m2\repository\commons-codec\commons-codec\1.11\commons-codec-1.11.jar;"/>
    <property name="sun.cpu.endian" value="little"/>
    <property name="user.home" value="C:\Users\Matthias"/>
    <property name="user.language" value="de"/>
    <property name="java.specification.vendor" value="Oracle Corporation"/>
    <property name="java.version.date" value="2018-07-17"/>
    <property name="java.home" value="F:\Program Files\Java\jdk-10.0.2"/>
    <property name="file.separator" value="\"/>
    <property name="basedir" value="K:\Dev\Chatify2\chatify"/>
    <property name="java.vm.compressedOopsMode" value="Zero based"/>
    <property name="line.separator" value="&#10;"/>
    <property name="java.specification.name" value="Java Platform API Specification"/>
    <property name="java.vm.specification.vendor" value="Oracle Corporation"/>
    <property name="java.awt.graphicsenv" value="sun.awt.Win32GraphicsEnvironment"/>
    <property name="surefire.real.class.path" value="C:\Users\Matthias\AppData\Local\Temp\surefire6081344498570436736\surefirebooter16434068185299840921.jar"/>
    <property name="user.script" value=""/>
    <property name="sun.management.compiler" value="HotSpot 64-Bit Tiered Compilers"/>
    <property name="java.runtime.version" value="10.0.2+13"/>
    <property name="user.name" value="Matthias"/>
    <property name="path.separator" value=";"/>
    <property name="os.version" value="10.0"/>
    <property name="java.runtime.name" value="Java(TM) SE Runtime Environment"/>
    <property name="file.encoding" value="Cp1252"/>
    <property name="java.vm.name" value="Java HotSpot(TM) 64-Bit Server VM"/>
    <property name="java.vendor.version" value="18.3"/>
    <property name="localRepository" value="C:\Users\Matthias\.m2\repository"/>
    <property name="java.vendor.url.bug" value="http://bugreport.java.com/bugreport/"/>
    <property name="java.io.tmpdir" value="C:\Users\Matthias\AppData\Local\Temp\"/>
    <property name="java.version" value="10.0.2"/>
    <property name="user.dir" value="K:\Dev\Chatify2\chatify"/>
    <property name="os.arch" value="amd64"/>
    <property name="java.vm.specification.name" value="Java Virtual Machine Specification"/>
    <property name="java.awt.printerjob" value="sun.awt.windows.WPrinterJob"/>
    <property name="sun.os.patch.level" value=""/>
    <property name="java.library.path" value="F:\Program Files\Java\jdk-10.0.2\bin;C:\WINDOWS\Sun\Java\bin;C:\WINDOWS\system32;C:\WINDOWS;C:\Program Files (x86)\Intel\iCLS Client\;C:\Program Files (x86)\Common Files\Oracle\Java\javapath;C:\ProgramData\Oracle\Java\javapath;F:\Program Files (x86)\ActiveTd\bin;C:\Program Files\Intel\iCLS Client\;C:\WINDOWS\system32;C:\WINDOWS;C:\WINDOWS\System32\Wbem;C:\WINDOWS\System32\WindowsPowerShell\v1.0\;C:\Program Files (x86)\Windows Kits\8.1\Windows Performance Toolkit\;C:\Program Files (x86)\Common Files\Acronis\SnapAPI\;C:\Program Files (x86)\NVIDIA Corporation\PhysX\Common;C:\WINDOWS\system32;C:\WINDOWS;C:\WINDOWS\System32\Wbem;C:\WINDOWS\System32\WindowsPowerShell\v1.0\;C:\Program Files (x86)\Windows Live\Shared;n:\spiele\iracing;f:\spiele\iracing;F:\Program Files\Git\cmd;F:\Program Files\TortoiseGit\bin;F:\Program Files (x86)\PuTTY\;K:\Dev\phantomjs\bin;K:\Dev;C:\Windows\System32;C:\WINDOWS\System32\OpenSSH\;F:\Program Files\nodejs\;C:\Program Files\Microsoft SQL Server\110\Tools\Binn\;F:\Program Files\Microsoft VS Code\bin;n:\spiele\iracing;C:\Program Files (x86)\Intel\Intel(R) Management Engine Components\DAL;C:\Program Files\Intel\Intel(R) Management Engine Components\DAL;C:\Program Files (x86)\Intel\Intel(R) Management Engine Components\IPT;C:\Program Files\Intel\Intel(R) Management Engine Components\IPT;C:\Program Files\NVIDIA Corporation\NVIDIA NvDLISR;n:\spiele\iracing;F:\Programme\Python\Python36-32\Scripts\;F:\Programme\Python\Python36-32\;C:\Users\Matthias\AppData\Local\Programs\Python\Launcher\;C:\Users\Matthias\AppData\Local\Microsoft\WindowsApps;F:\python27;F:\Program Files\Heroku\bin;K:\Dev;F:\Program Files\Microsoft VS Code\bin;C:\Users\Matthias\AppData\Roaming\npm;F:\Program Files (x86)\MiKTeX 2.9\miktex\bin\x64\;F:\Downloads\apache-maven-3.5.4\bin;;."/>
    <property name="java.vendor" value="Oracle Corporation"/>
    <property name="java.vm.info" value="mixed mode"/>
    <property name="java.vm.version" value="10.0.2+13"/>
    <property name="sun.io.unicode.encoding" value="UnicodeLittle"/>
    <property name="java.class.version" value="54.0"/>
  </properties>
  <testcase name="shouldAnswerWithTrue" classname="chatify.AppTest" time="0.001"/>
</testsuite>